0 info it worked if it ends with ok
1 verbose cli [ 'C:\\Program Files (x86)\\node.exe',
1 verbose cli   'C:\\Program Files (x86)\\node_modules\\npm\\bin\\npm-cli.js',
1 verbose cli   'run',
1 verbose cli   'start' ]
2 info using npm@3.10.9
3 info using node@v7.1.0
4 verbose run-script [ 'prestart', 'start', 'poststart' ]
5 info lifecycle js_data@1.0.0~prestart: js_data@1.0.0
6 silly lifecycle js_data@1.0.0~prestart: no script for prestart, continuing
7 info lifecycle js_data@1.0.0~start: js_data@1.0.0
8 verbose lifecycle js_data@1.0.0~start: unsafe-perm in lifecycle true
9 verbose lifecycle js_data@1.0.0~start: PATH: C:\Program Files (x86)\node_modules\npm\bin\node-gyp-bin;D:\js_data\js_data\node_modules\.bin;C:\Windows\system32;C:\Windows;C:\Windows\System32\Wbem;C:\Windows\System32\WindowsPowerShell\v1.0\;C:\Program Files (x86)\Intel\OpenCL SDK\2.0\bin\x86;C:\Program Files (x86)\Intel\OpenCL SDK\2.0\bin\x64;C:\Program Files (x86)\;C:\Program Files\Git\cmd;;D:\360Downloads\Microsoft VS Code\bin;C:\Users\Administrator\AppData\Roaming\npm
10 verbose lifecycle js_data@1.0.0~start: CWD: D:\js_data\js_data
11 silly lifecycle js_data@1.0.0~start: Args: [ '/d /s /c', 'node app.js' ]
12 verbose stack Error: kill ENOSYS
12 verbose stack     at exports._errnoException (util.js:1022:11)
12 verbose stack     at process.kill (internal/process.js:173:13)
12 verbose stack     at process.listener (C:\Program Files (x86)\node_modules\npm\node_modules\npmlog\node_modules\gauge\node_modules\signal-exit\index.js:86:15)
12 verbose stack     at emitNone (events.js:91:20)
12 verbose stack     at process.emit (events.js:185:7)
12 verbose stack     at processEmit (C:\Program Files (x86)\node_modules\npm\node_modules\npmlog\node_modules\gauge\node_modules\signal-exit\index.js:146:32)
12 verbose stack     at processEmit (C:\Program Files (x86)\node_modules\npm\node_modules\npm-registry-client\node_modules\npmlog\node_modules\gauge\node_modules\signal-exit\index.js:146:32)
12 verbose stack     at Signal.wrap.onsignal (internal/process.js:200:44)
13 verbose cwd D:\js_data\js_data
14 error Windows_NT 6.1.7601
15 error argv "C:\\Program Files (x86)\\node.exe" "C:\\Program Files (x86)\\node_modules\\npm\\bin\\npm-cli.js" "run" "start"
16 error node v7.1.0
17 error npm  v3.10.9
18 error code ENOSYS
19 error errno ENOSYS
20 error syscall kill
21 error kill ENOSYS
22 error If you need help, you may report this error at:
22 error     <https://github.com/npm/npm/issues>
23 verbose exit [ 1, true ]
